Added Component: Designator=DS1(LED7SEG-2-0.36)
Added Component: Designator=DS2(LED7SEG-2-0.36)
Added Component: Designator=P1(HDR1X7)
Added Component: Designator=P2(HDR1X4)
Added Pin To Net: NetName=NetDS1_1 Pin=DS1-1
Added Pin To Net: NetName=NetDS1_3 Pin=DS1-3
Added Pin To Net: NetName=NetDS1_4 Pin=DS1-4
Added Pin To Net: NetName=NetDS1_5 Pin=DS1-5
Added Pin To Net: NetName=NetDS1_6 Pin=DS1-6
Added Pin To Net: NetName=NetDS1_7 Pin=DS1-7
Added Pin To Net: NetName=NetDS1_8 Pin=DS1-8
Added Pin To Net: NetName=NetDS1_9 Pin=DS1-9
Added Pin To Net: NetName=NetDS1_10 Pin=DS1-10
Added Pin To Net: NetName=NetDS1_1 Pin=DS2-2
Added Pin To Net: NetName=NetDS1_3 Pin=DS2-3
Added Pin To Net: NetName=NetDS1_4 Pin=DS2-4
Added Pin To Net: NetName=NetDS1_5 Pin=DS2-5
Added Pin To Net: NetName=NetDS1_6 Pin=DS2-6
Added Pin To Net: NetName=NetDS2_7 Pin=DS2-7
Added Pin To Net: NetName=NetDS2_8 Pin=DS2-8
Added Pin To Net: NetName=NetDS1_9 Pin=DS2-9
Added Pin To Net: NetName=NetDS1_10 Pin=DS2-10
Added Pin To Net: NetName=NetDS1_5 Pin=P1-1
Added Pin To Net: NetName=NetDS1_6 Pin=P1-2
Added Pin To Net: NetName=NetDS1_3 Pin=P1-3
Added Pin To Net: NetName=NetDS1_4 Pin=P1-4
Added Pin To Net: NetName=NetDS1_1 Pin=P1-5
Added Pin To Net: NetName=NetDS1_9 Pin=P1-6
Added Pin To Net: NetName=NetDS1_10 Pin=P1-7
Added Pin To Net: NetName=NetDS1_7 Pin=P2-1
Added Pin To Net: NetName=NetDS1_8 Pin=P2-2
Added Pin To Net: NetName=NetDS2_7 Pin=P2-3
Added Pin To Net: NetName=NetDS2_8 Pin=P2-4
Added Member To Class: ClassName=DOANHETHONGSO Member=Component DS1 LED7SEG-2
Added Member To Class: ClassName=DOANHETHONGSO Member=Component DS2 LED7SEG-2
Added Member To Class: ClassName=DOANHETHONGSO Member=Component P1 Header 7
Added Member To Class: ClassName=DOANHETHONGSO Member=Component P2 Header 4
Added Room: Name=DOANHETHONGSO
