Added Pin To Net: NetName=NetDS?_1 Pin=DS?-1
Added Pin To Net: NetName=NetDS?_1 Pin=DS?-2
Added Pin To Net: NetName=NetDS?_1 Pin=P?-9
Added Net: Name=NetDS?_1
Added Pin To Net: NetName=NetDS?_3 Pin=DS?-3
Added Pin To Net: NetName=NetDS?_3 Pin=DS?-3
Added Pin To Net: NetName=NetDS?_3 Pin=P?-7
Added Net: Name=NetDS?_3
Added Pin To Net: NetName=NetDS?_4 Pin=DS?-4
Added Pin To Net: NetName=NetDS?_4 Pin=DS?-4
Added Pin To Net: NetName=NetDS?_4 Pin=P?-8
Added Net: Name=NetDS?_4
Added Pin To Net: NetName=NetDS?_5 Pin=DS?-5
Added Pin To Net: NetName=NetDS?_5 Pin=DS?-5
Added Pin To Net: NetName=NetDS?_5 Pin=P?-5
Added Net: Name=NetDS?_5
Added Pin To Net: NetName=NetDS?_6 Pin=DS?-6
Added Pin To Net: NetName=NetDS?_6 Pin=DS?-6
Added Pin To Net: NetName=NetDS?_6 Pin=P?-6
Added Net: Name=NetDS?_6
Added Pin To Net: NetName=NetDS?_7 Pin=DS?-7
Added Pin To Net: NetName=NetDS?_7 Pin=P?-3
Added Net: Name=NetDS?_7
Added Pin To Net: NetName=NetDS?_8 Pin=DS?-8
Added Pin To Net: NetName=NetDS?_8 Pin=P?-4
Added Net: Name=NetDS?_8
Added Pin To Net: NetName=NetDS?_9 Pin=DS?-9
Added Pin To Net: NetName=NetDS?_9 Pin=DS?-9
Added Pin To Net: NetName=NetDS?_9 Pin=P?-10
Added Net: Name=NetDS?_9
Added Pin To Net: NetName=NetDS?_10 Pin=DS?-10
Added Pin To Net: NetName=NetDS?_10 Pin=DS?-10
Added Pin To Net: NetName=NetDS?_10 Pin=P?-11
Added Net: Name=NetDS?_10
Added Member To Class: ClassName=DOANHETHONGSO Member=Component DS? LED7SEG-2
Added Room: Name=DOANHETHONGSO
