Command line:
   clock_divide_isim_beh.exe
     -simmode  gui
     -simrunnum  0
     -socket  52301

Tue Sep 18 22:28:49 2018


 Elaboration Time: 0.109375 sec

 Current Memory Usage: 1034.49 Meg

 Total Signals          : 29
 Total Nets             : 29
 Total Signal Drivers   : 3
 Total Blocks           : 5
 Total Primitive Blocks : 5
 Total Processes        : 2
 Total Traceable Variables  : 10
 Total Scalar Nets and Variables : 407
Total Line Count : 6

 Total Simulation Time: 0.203125 sec

 Current Memory Usage: 1034.49 Meg

Tue Sep 18 22:44:08 2018

