Running: D:\ThietKeLogicSo\14.7\ISE_DS\ISE\bin\nt64\unwrapped\fuse.exe -intstyle ise -incremental -o D:/ThietKeLogicSo/DOANHETHONGSO/clock_divide_isim_beh.exe -prj D:/ThietKeLogicSo/DOANHETHONGSO/clock_divide_beh.prj work.clock_divide 
ISim P.20131013 (signature 0x7708f090)
Number of CPUs detected in this system: 4
Turning on mult-threading, number of parallel sub-compilation jobs: 8 
Determining compilation order of HDL files
Parsing VHDL file "D:/ThietKeLogicSo/DOANHETHONGSO/clock_didive.vhd" into library work
Starting static elaboration
Completed static elaboration
Compiling package standard
Compiling package std_logic_1164
Compiling package std_logic_arith
Compiling package std_logic_unsigned
Compiling package vcomponents
Compiling architecture behavioral of entity clock_divide
Time Resolution for simulation is 1ps.
Waiting for 1 sub-compilation(s) to finish...
Compiled 6 VHDL Units
Built simulation executable D:/ThietKeLogicSo/DOANHETHONGSO/clock_divide_isim_beh.exe
Fuse Memory Usage: 47576 KB
Fuse CPU Usage: 937 ms
